TN:
SF:src/parser.ts
FN:41,parseTemplateExpression
FN:140,parseDefaultValue
FN:160,extractTemplateExpressions
FN:191,extractTemplateExpressionsFromObject
FN:203,(anonymous_4)
FN:225,hasTemplateExpression
FN:233,getAllVariableReferences
FNF:7
FNH:7
FNDA:44,parseTemplateExpression
FNDA:5,parseDefaultValue
FNDA:33,extractTemplateExpressions
FNDA:18,extractTemplateExpressionsFromObject
FNDA:4,(anonymous_4)
FNDA:4,hasTemplateExpression
FNDA:2,getAllVariableReferences
DA:16,3
DA:21,3
DA:26,3
DA:31,3
DA:36,3
DA:41,3
DA:45,44
DA:48,44
DA:49,44
DA:50,35
DA:51,35
DA:52,35
DA:54,35
DA:64,9
DA:65,9
DA:66,5
DA:67,5
DA:70,5
DA:71,5
DA:72,5
DA:73,5
DA:74,5
DA:76,5
DA:88,4
DA:89,4
DA:90,0
DA:91,0
DA:93,0
DA:103,4
DA:104,4
DA:105,2
DA:107,2
DA:108,0
DA:109,0
DA:117,2
DA:128,2
DA:142,5
DA:143,5
DA:146,3
DA:147,3
DA:151,3
DA:153,0
DA:160,3
DA:161,33
DA:162,33
DA:163,33
DA:165,33
DA:167,33
DA:168,30
DA:169,30
DA:170,30
DA:172,30
DA:174,30
DA:175,30
DA:176,30
DA:180,33
DA:191,3
DA:195,18
DA:197,18
DA:198,7
DA:199,7
DA:200,6
DA:202,11
DA:203,2
DA:204,4
DA:208,9
DA:209,8
DA:210,10
DA:219,18
DA:225,3
DA:227,4
DA:233,3
DA:236,2
DA:238,2
DA:239,6
DA:240,6
DA:241,6
DA:242,5
DA:247,2
LF:79
LH:73
BRDA:49,0,0,35
BRDA:65,1,0,5
BRDA:71,2,0,5
BRDA:89,3,0,0
BRDA:91,4,0,0
BRDA:91,4,1,0
BRDA:95,5,0,0
BRDA:95,5,1,0
BRDA:104,6,0,2
BRDA:107,7,0,0
BRDA:107,7,1,2
BRDA:147,8,0,3
BRDA:148,9,0,3
BRDA:148,9,1,0
BRDA:148,9,2,3
BRDA:148,9,3,3
BRDA:175,10,0,30
BRDA:193,11,0,4
BRDA:197,12,0,7
BRDA:197,12,1,11
BRDA:199,13,0,6
BRDA:202,14,0,2
BRDA:202,14,1,9
BRDA:208,15,0,8
BRDA:208,16,0,9
BRDA:208,16,1,9
BRDA:241,17,0,5
BRF:27
BRH:20
end_of_record
TN:
SF:src/validator.ts
FN:20,validateVariableReferences
FN:70,validateTemplateExpressionsInObject
FN:78,validateRecursive
FN:89,(anonymous_3)
FN:110,validateTemplateExpression
FNF:5
FNH:5
FNDA:17,validateVariableReferences
FNDA:7,validateTemplateExpressionsInObject
FNDA:27,validateRecursive
FNDA:3,(anonymous_3)
FNDA:15,validateTemplateExpression
DA:12,2
DA:20,2
DA:25,17
DA:27,17
DA:28,20
DA:33,20
DA:34,20
DA:35,26
DA:37,25
DA:42,15
DA:43,15
DA:45,1
DA:47,0
DA:48,0
DA:52,20
DA:53,5
DA:61,17
DA:70,2
DA:75,7
DA:79,27
DA:80,11
DA:85,11
DA:86,2
DA:88,16
DA:89,2
DA:90,3
DA:92,14
DA:93,12
DA:94,17
DA:99,7
DA:101,7
DA:110,2
DA:115,15
DA:117,15
DA:118,3
DA:124,12
LF:36
LH:34
BRDA:23,0,0,5
BRDA:28,1,0,20
BRDA:28,1,1,0
BRDA:35,2,0,25
BRDA:35,2,1,1
BRDA:37,3,0,15
BRDA:38,4,0,25
BRDA:38,4,1,11
BRDA:38,4,2,11
BRDA:45,5,0,0
BRDA:52,6,0,5
BRDA:52,7,0,20
BRDA:52,7,1,5
BRDA:73,8,0,7
BRDA:79,9,0,11
BRDA:79,9,1,16
BRDA:85,10,0,2
BRDA:88,11,0,2
BRDA:88,11,1,14
BRDA:92,12,0,12
BRDA:92,13,0,14
BRDA:92,13,1,14
BRDA:113,14,0,4
BRDA:117,15,0,3
BRF:24
BRH:22
end_of_record
